<?xml version="1.0" encoding="UTF-8"?>
<!-- Generated by org.testng.reporters.JUnitReportReporter -->
<testsuite skipped="0" hostname="PRITESH-PC" name="com.org.TestCases.SelectElementTest" tests="1" failures="0" timestamp="23 May 2017 18:24:48 GMT" time="13.265" errors="0">
  <testcase name="checkElementSelected" time="13.265" classname="com.org.TestCases.SelectElementTest"/>
</testsuite> <!-- com.org.TestCases.SelectElementTest -->
