<?xml version="1.0" encoding="UTF-8"?>
<!-- Generated by org.testng.reporters.JUnitReportReporter -->
<testsuite skipped="0" hostname="PRITESH-PC" name="com.org.TestCases.SelectElementTest" tests="1" failures="0" timestamp="23 May 2017 17:47:34 GMT" time="12.482" errors="0">
  <testcase name="checkElementSelected" time="12.482" classname="com.org.TestCases.SelectElementTest"/>
</testsuite> <!-- com.org.TestCases.SelectElementTest -->
