<?xml version="1.0" encoding="UTF-8"?>
<!-- Generated by org.testng.reporters.JUnitReportReporter -->
<testsuite skipped="0" hostname="PRITESH-PC" name="com.org.TestCases.FirstTest" tests="1" failures="0" timestamp="23 May 2017 17:20:46 GMT" time="27.210" errors="0">
  <testcase name="testMethod" time="27.210" classname="com.org.TestCases.FirstTest"/>
</testsuite> <!-- com.org.TestCases.FirstTest -->
