<?xml version="1.0" encoding="UTF-8"?>
<!-- Generated by org.testng.reporters.JUnitReportReporter -->
<testsuite skipped="0" hostname="PRITESH-PC" name="com.org.myMaven.FirstTest" tests="1" failures="0" timestamp="21 May 2017 10:47:34 GMT" time="37.759" errors="0">
  <testcase name="testMethod" time="37.759" classname="com.org.myMaven.FirstTest"/>
</testsuite> <!-- com.org.myMaven.FirstTest -->
