<?xml version="1.0" encoding="UTF-8"?>
<!-- Generated by org.testng.reporters.JUnitReportReporter -->
<testsuite hostname="PRITESH-PC" name="com.org.myMaven.FirstTest" tests="1" failures="0" timestamp="21 May 2017 10:58:32 GMT" time="36.740" errors="0">
  <testcase name="testMethod" time="36.740" classname="com.org.myMaven.FirstTest"/>
</testsuite> <!-- com.org.myMaven.FirstTest -->
